<?xml version="1.0" encoding="UTF-8"?>
<!-- Generated by org.testng.reporters.JUnitReportReporter -->
<testsuite hostname="DESKTOP-D70G07I" failures="0" tests="1" name="worktest.wtest2" time="14.882" errors="0" timestamp="2023-08-17T23:39:21 IST" skipped="0">
  <testcase classname="worktest.wtest2" name="drag" time="14.882"/>
</testsuite> <!-- worktest.wtest2 -->
