<?xml version="1.0" encoding="UTF-8"?>
<!-- Generated by org.testng.reporters.JUnitReportReporter -->
<testsuite hostname="DESKTOP-D70G07I" failures="0" tests="2" name="worktest.test_scrolldown_windowhandle" time="12.369" errors="0" timestamp="2023-08-23T17:19:46 IST" skipped="0">
  <testcase classname="worktest.test_scrolldown_windowhandle" name="scrolln" time="1.756"/>
  <testcase classname="worktest.test_scrolldown_windowhandle" name="fullwindow" time="10.613"/>
</testsuite> <!-- worktest.test_scrolldown_windowhandle -->
