<?xml version="1.0" encoding="UTF-8"?>
<!-- Generated by org.testng.reporters.JUnitReportReporter -->
<testsuite hostname="DESKTOP-D70G07I" failures="0" tests="1" name="april1.testdemo" time="7.526" errors="0" timestamp="2023-08-02T17:42:49 IST" skipped="0">
  <testcase classname="april1.testdemo" name="test" time="7.526"/>
  <system-out/>
</testsuite> <!-- april1.testdemo -->
