<?xml version="1.0" encoding="UTF-8"?>
<!-- Generated by org.testng.reporters.JUnitReportReporter -->
<testsuite hostname="DESKTOP-D70G07I" failures="0" tests="5" name="april1.mavenproject" time="0.054" errors="0" timestamp="2023-08-02T17:28:34 IST" skipped="1">
  <testcase classname="april1.mavenproject" name="test1" time="0.012"/>
  <system-out/>
  <testcase classname="april1.mavenproject" name="test1" time="0.027"/>
  <system-out/>
  <testcase classname="april1.mavenproject" name="test1" time="0.009"/>
  <system-out/>
  <testcase classname="april1.mavenproject" name="test3" time="0.006"/>
  <system-out/>
  <testcase classname="april1.mavenproject" name="test2">
    <skipped/>
  </testcase> <!-- test2 -->
  <system-out/>
</testsuite> <!-- april1.mavenproject -->
