<?xml version="1.0" encoding="UTF-8"?>
<!-- Generated by org.testng.reporters.JUnitReportReporter -->
<testsuite hostname="DESKTOP-D70G07I" failures="0" tests="1" name="worktest.alertwtest" time="9.722" errors="0" timestamp="2023-08-23T17:18:46 IST" skipped="0">
  <testcase classname="worktest.alertwtest" name="test" time="9.722"/>
</testsuite> <!-- worktest.alertwtest -->
