<?xml version="1.0" encoding="UTF-8"?>
<!-- Generated by org.testng.reporters.JUnitReportReporter -->
<testsuite hostname="DESKTOP-D70G07I" failures="0" tests="1" name="april1.pdfupload" time="27.417" errors="0" timestamp="2023-08-17T22:45:16 IST" skipped="0">
  <testcase classname="april1.pdfupload" name="test1" time="27.417"/>
</testsuite> <!-- april1.pdfupload -->
