<?xml version="1.0" encoding="UTF-8"?>
<!-- Generated by org.testng.reporters.JUnitReportReporter -->
<testsuite hostname="DESKTOP-D70G07I" failures="0" tests="1" name="worktest.wktest" time="17.045" errors="0" timestamp="2023-08-18T00:49:18 IST" skipped="0">
  <testcase classname="worktest.wktest" name="lettest" time="17.045"/>
</testsuite> <!-- worktest.wktest -->
