<?xml version="1.0" encoding="UTF-8"?>
<!-- Generated by org.testng.reporters.JUnitReportReporter -->
<testsuite hostname="DESKTOP-D70G07I" failures="0" tests="2" name="newtest.testsite" time="51.171" errors="0" timestamp="2023-08-22T03:03:26 IST" skipped="0">
  <testcase classname="newtest.testsite" name="full" time="18.494"/>
  <testcase classname="newtest.testsite" name="demotest" time="32.677"/>
</testsuite> <!-- newtest.testsite -->
