<?xml version="1.0" encoding="UTF-8"?>
<!-- Generated by org.testng.reporters.JUnitReportReporter -->
<testsuite hostname="DESKTOP-D70G07I" failures="0" tests="1" name="worktest.altwtest" time="27.505" errors="0" timestamp="2023-08-18T00:41:56 IST" skipped="0">
  <testcase classname="worktest.altwtest" name="test" time="27.505"/>
</testsuite> <!-- worktest.altwtest -->
