<?xml version="1.0" encoding="UTF-8"?>
<!-- Generated by org.testng.reporters.JUnitReportReporter -->
<testsuite hostname="DESKTOP-D70G07I" failures="0" tests="1" name="worktest.test2datadriven" time="8.406" errors="0" timestamp="2023-08-23T17:20:11 IST" skipped="0">
  <testcase classname="worktest.test2datadriven" name="main" time="8.406"/>
</testsuite> <!-- worktest.test2datadriven -->
