<?xml version="1.0" encoding="UTF-8"?>
<!-- Generated by org.testng.reporters.JUnitReportReporter -->
<testsuite hostname="DESKTOP-D70G07I" failures="0" tests="1" name="april1.drag" time="17.404" errors="0" timestamp="2023-08-17T23:37:36 IST" skipped="0">
  <testcase classname="april1.drag" name="demo" time="17.404"/>
</testsuite> <!-- april1.drag -->
