<?xml version="1.0" encoding="UTF-8"?>
<!-- Generated by org.testng.reporters.JUnitReportReporter -->
<testsuite hostname="DESKTOP-D70G07I" failures="0" tests="1" name="worktest.imageupload" time="10.538" errors="0" timestamp="2023-08-23T17:19:17 IST" skipped="0">
  <testcase classname="worktest.imageupload" name="work" time="10.538"/>
</testsuite> <!-- worktest.imageupload -->
