<?xml version="1.0" encoding="UTF-8"?>
<!-- Generated by org.testng.reporters.JUnitReportReporter -->
<testsuite hostname="DESKTOP-D70G07I" failures="0" tests="1" name="worktest.wtest2dragdrop" time="10.147" errors="0" timestamp="2023-08-23T17:21:02 IST" skipped="0">
  <testcase classname="worktest.wtest2dragdrop" name="drag" time="10.147"/>
</testsuite> <!-- worktest.wtest2dragdrop -->
