<?xml version="1.0" encoding="UTF-8"?>
<!-- Generated by org.testng.reporters.JUnitReportReporter -->
<testsuite hostname="DESKTOP-D70G07I" failures="0" tests="1" name="worktest.work1test_datainputscrnshot" time="10.833" errors="0" timestamp="2023-08-23T17:20:34 IST" skipped="0">
  <testcase classname="worktest.work1test_datainputscrnshot" name="lettest" time="10.833"/>
</testsuite> <!-- worktest.work1test_datainputscrnshot -->
