<?xml version="1.0" encoding="UTF-8"?>
<!-- Generated by org.testng.reporters.JUnitReportReporter -->
<testsuite hostname="DESKTOP-D70G07I" failures="0" tests="1" name="worktest.test2" time="27.340" errors="0" timestamp="2023-08-18T00:13:36 IST" skipped="0">
  <testcase classname="worktest.test2" name="main" time="27.340"/>
</testsuite> <!-- worktest.test2 -->
